<?xml version="1.0" encoding="UTF-8"?>
<!-- Generated by org.testng.reporters.JUnitReportReporter -->
<testsuite hostname="11598-MBP15" name="TestCases.TestNG_TestCase" tests="1" failures="0" timestamp="17 Feb 2016 06:58:27 GMT" time="12.499" errors="0">
  <testcase name="TestSearchTestCase" time="12.499" classname="TestCases.TestNG_TestCase"/>
</testsuite> <!-- TestCases.TestNG_TestCase -->
