<?xml version="1.0" encoding="UTF-8"?>
<!-- Generated by org.testng.reporters.JUnitReportReporter -->
<testsuite hostname="11598-MBP15" name="TestCases.TestNG_TestCase" tests="2" failures="0" timestamp="19 Feb 2016 05:41:09 GMT" time="24.583" errors="0">
  <testcase name="TestSearchTestCase" time="11.235" classname="TestCases.TestNG_TestCase"/>
  <testcase name="testSearch" time="13.348" classname="TestCases.TestNG_TestCase"/>
</testsuite> <!-- TestCases.TestNG_TestCase -->
